#
# There is insufficient memory for the Java Runtime Environment to continue.
# Native memory allocation (malloc) failed to allocate 1048576 bytes for AllocateHeap
# Possible reasons:
#   The system is out of physical RAM or swap space
#   The process is running with CompressedOops enabled, and the Java Heap may be blocking the growth of the native heap
# Possible solutions:
#   Reduce memory load on the system
#   Increase physical memory or swap space
#   Check if swap backing store is full
#   Decrease Java heap size (-Xmx/-Xms)
#   Decrease number of Java threads
#   Decrease Java thread stack sizes (-Xss)
#   Set larger code cache with -XX:ReservedCodeCacheSize=
#   JVM is running with Unscaled Compressed Oops mode in which the Java heap is
#     placed in the first 4GB address space. The Java Heap base address is the
#     maximum limit for the native heap growth. Please use -XX:HeapBaseMinAddress
#     to set the Java Heap base and to place the Java Heap above 4GB virtual address.
# This output file may be truncated or incomplete.
#
#  Out of Memory Error (memory/allocation.inline.hpp:61), pid=18148, tid=0x0000000000004b78
#
# JRE version:  (8.0_251-b08) (build )
# Java VM: Java HotSpot(TM) 64-Bit Server VM (25.251-b08 mixed mode windows-amd64 compressed oops)
# Failed to write core dump. Minidumps are not enabled by default on client versions of Windows
#

---------------  T H R E A D  ---------------

Current thread (0x00000000030e2800):  JavaThread "Unknown thread" [_thread_in_vm, id=19320, stack(0x0000000002fe0000,0x00000000030e0000)]

Stack: [0x0000000002fe0000,0x00000000030e0000]
[error occurred during error reporting (printing stack bounds), id 0xc0000005]

Native frames: (J=compiled Java code, j=interpreted, Vv=VM code, C=native code)


---------------  P R O C E S S  ---------------

Java Threads: ( => current thread )

Other Threads:

=>0x00000000030e2800 (exited) JavaThread "Unknown thread" [_thread_in_vm, id=19320, stack(0x0000000002fe0000,0x00000000030e0000)]

VM state:not at safepoint (normal execution)

VM Mutex/Monitor currently owned by a thread: None

heap address: 0x0000000082600000, size: 2010 MB, Compressed Oops mode: 32-bit
Narrow klass base: 0x0000000000000000, Narrow klass shift: 3
Compressed class space size: 1073741824 Address: 0x0000000100000000

Heap:
 PSYoungGen      total 37888K, used 655K [0x00000000d6200000, 0x00000000d8c00000, 0x0000000100000000)
  eden space 32768K, 2% used [0x00000000d6200000,0x00000000d62a3d80,0x00000000d8200000)
  from space 5120K, 0% used [0x00000000d8700000,0x00000000d8700000,0x00000000d8c00000)
  to   space 5120K, 0% used [0x00000000d8200000,0x00000000d8200000,0x00000000d8700000)
 ParOldGen       total 86016K, used 0K [0x0000000082600000, 0x0000000087a00000, 0x00000000d6200000)
  object space 86016K, 0% used [0x0000000082600000,0x0000000082600000,0x0000000087a00000)
 Metaspace       used 752K, capacity 4480K, committed 4480K, reserved 1056768K
  class space    used 76K, capacity 384K, committed 384K, reserved 1048576K

Card table byte_map: [0x00000000125a0000,0x0000000012990000] byte_map_base: 0x000000001218d000

Marking Bits: (ParMarkBitMap*) 0x000000006e00af90
 Begin Bits: [0x0000000013430000, 0x0000000015398000)
 End Bits:   [0x0000000015398000, 0x0000000017300000)

Polling page: 0x0000000001370000

CodeCache: size=245760Kb used=328Kb max_used=328Kb free=245431Kb
 bounds [0x00000000031e0000, 0x0000000003450000, 0x00000000121e0000]
 total_blobs=58 nmethods=0 adapters=38
 compilation: enabled

Compilation events (0 events):
No events

GC Heap History (0 events):
No events

Deoptimization events (0 events):
No events

Classes redefined (0 events):
No events

Internal exceptions (0 events):
No events

Events (10 events):
Event: 0.018 loading class java/lang/Short
Event: 0.018 loading class java/lang/Short done
Event: 0.018 loading class java/lang/Integer
Event: 0.018 loading class java/lang/Integer done
Event: 0.018 loading class java/lang/Long
Event: 0.018 loading class java/lang/Long done
Event: 0.018 loading class java/lang/NullPointerException
Event: 0.018 loading class java/lang/NullPointerException done
Event: 0.018 loading class java/lang/ArithmeticException
Event: 0.019 loading class java/lang/ArithmeticException done


Dynamic libraries:
0x00007ff77e8d0000 - 0x00007ff77e907000 	C:\Program Files (x86)\Common Files\Oracle\Java\javapath\java.exe
0x00007ffdcbfc0000 - 0x00007ffdcc1b0000 	C:\WINDOWS\SYSTEM32\ntdll.dll
0x00007ffdca080000 - 0x00007ffdca132000 	C:\WINDOWS\System32\KERNEL32.DLL
0x00007ffdc8f50000 - 0x00007ffdc91f4000 	C:\WINDOWS\System32\KERNELBASE.dll
0x00007ffdcbc90000 - 0x00007ffdcbd33000 	C:\WINDOWS\System32\ADVAPI32.dll
0x00007ffdca740000 - 0x00007ffdca7de000 	C:\WINDOWS\System32\msvcrt.dll
0x00007ffdca810000 - 0x00007ffdca8a7000 	C:\WINDOWS\System32\sechost.dll
0x00007ffdcb380000 - 0x00007ffdcb4a0000 	C:\WINDOWS\System32\RPCRT4.dll
0x00007ffdcadf0000 - 0x00007ffdcaf84000 	C:\WINDOWS\System32\USER32.dll
0x00007ffdc9790000 - 0x00007ffdc97b1000 	C:\WINDOWS\System32\win32u.dll
0x00007ffdcbf50000 - 0x00007ffdcbf76000 	C:\WINDOWS\System32\GDI32.dll
0x00007ffdc95f0000 - 0x00007ffdc9785000 	C:\WINDOWS\System32\gdi32full.dll
0x00007ffdc9200000 - 0x00007ffdc929e000 	C:\WINDOWS\System32\msvcp_win.dll
0x00007ffdc97f0000 - 0x00007ffdc98ea000 	C:\WINDOWS\System32\ucrtbase.dll
0x00007ffdacc90000 - 0x00007ffdacf14000 	C:\WINDOWS\WinSxS\amd64_microsoft.windows.common-controls_6595b64144ccf1df_6.0.18362.900_none_e6beb9d913147d17\COMCTL32.dll
0x00007ffdca140000 - 0x00007ffdca475000 	C:\WINDOWS\System32\combase.dll
0x00007ffdc9470000 - 0x00007ffdc94f0000 	C:\WINDOWS\System32\bcryptPrimitives.dll
0x00007ffdca7e0000 - 0x00007ffdca80e000 	C:\WINDOWS\System32\IMM32.DLL
0x0000000071520000 - 0x00000000715f2000 	C:\Program Files\Java\jre1.8.0_251\bin\msvcr100.dll
0x000000006d7e0000 - 0x000000006e08b000 	C:\Program Files\Java\jre1.8.0_251\bin\server\jvm.dll
0x00007ffdca8b0000 - 0x00007ffdca8b8000 	C:\WINDOWS\System32\PSAPI.DLL
0x00007ffdc6de0000 - 0x00007ffdc6e04000 	C:\WINDOWS\SYSTEM32\WINMM.dll
0x00007ffdb5480000 - 0x00007ffdb5489000 	C:\WINDOWS\SYSTEM32\WSOCK32.dll
0x00007ffdc5090000 - 0x00007ffdc509a000 	C:\WINDOWS\SYSTEM32\VERSION.dll
0x00007ffdcb240000 - 0x00007ffdcb2af000 	C:\WINDOWS\System32\WS2_32.dll
0x00007ffdc6960000 - 0x00007ffdc698d000 	C:\WINDOWS\SYSTEM32\winmmbase.dll
0x00007ffdc95a0000 - 0x00007ffdc95ea000 	C:\WINDOWS\System32\cfgmgr32.dll
0x00007ffdbc760000 - 0x00007ffdbc76f000 	C:\Program Files\Java\jre1.8.0_251\bin\verify.dll
0x00007ffdab4b0000 - 0x00007ffdab4d9000 	C:\Program Files\Java\jre1.8.0_251\bin\java.dll
0x00007ffdab490000 - 0x00007ffdab4a6000 	C:\Program Files\Java\jre1.8.0_251\bin\zip.dll

VM Arguments:
java_command: <unknown>
java_class_path (initial): .
Launcher Type: SUN_STANDARD

Environment Variables:
PATH=D:\ReactNativeProjects\bottomTabApp\android\node_modules\.bin;D:\ReactNativeProjects\bottomTabApp\node_modules\.bin;D:\ReactNativeProjects\node_modules\.bin;D:\node_modules\.bin;C:\Program Files\nodejs;D:\ReactNativeProjects\bottomTabApp\node_modules\.bin;C:\Program Files (x86)\Common Files\Oracle\Java\javapath;C:\Python38\Scripts\;C:\Python38\;C:\Windows\system32;C:\Windows;C:\Windows\System32\Wbem;C:\Windows\System32\WindowsPowerShell\v1.0\;C:\Windows\System32\OpenSSH\;C:\Program Files (x86)\NVIDIA Corporation\PhysX\Common;C:\Program Files\NVIDIA Corporation\NVIDIA NvDLISR;C:\Program Files\Intel\WiFi\bin\;C:\Program Files\Common Files\Intel\WirelessCommon\;C:\ProgramData\chocolatey\bin;C:\Program Files\nodejs\;C:\Program Files\Java\jdk1.8.0_251\bin;C:\Program Files\Java\jre1.8.0_251\bin;C:\WINDOWS\system32;C:\WINDOWS;C:\WINDOWS\System32\Wbem;C:\WINDOWS\System32\WindowsPowerShell\v1.0\;C:\WINDOWS\System32\OpenSSH\;C:\Program Files\Git\cmd;C:\Users\hari1\AppData\Local\Microsoft\WindowsApps;C:\Users\hari1\AppData\Local\Programs\Microsoft VS Code\bin;C:\Users\hari1\AppData\Roaming\npm;C:\Users\hari1\AppData\Local\atom\bin;%USERPROFILE%\AppData\Local\Microsoft\WindowsApps;
USERNAME=hari1
OS=Windows_NT
PROCESSOR_IDENTIFIER=Intel64 Family 6 Model 158 Stepping 13, GenuineIntel



---------------  S Y S T E M  ---------------

OS: Windows 10.0 , 64 bit Build 18362 (10.0.18362.900)

CPU:total 8 (initial active 8) (4 cores per cpu, 2 threads per core) family 6 model 158 stepping 13, cmov, cx8, fxsr, mmx, sse, sse2, sse3, ssse3, sse4.1, sse4.2, popcnt, avx, avx2, aes, clmul, erms, 3dnowpref, lzcnt, ht, tsc, tscinvbit, bmi1, bmi2, adx

Memory: 4k page, physical 8232088k(1689572k free), swap 33397912k(5132k free)

vm_info: Java HotSpot(TM) 64-Bit Server VM (25.251-b08) for windows-amd64 JRE (1.8.0_251-b08), built on Mar 12 2020 06:31:49 by "" with MS VC++ 10.0 (VS2010)

time: Tue Jul 07 12:09:19 2020
timezone: India Standard Time
elapsed time: 0 seconds (0d 0h 0m 0s)

